<?xml version="1.0" encoding="UTF-8"?>
<!-- Generated by org.testng.reporters.JUnitXMLReporter -->
<testsuite hostname="DESKTOP-D36JS0L" ignored="0" name="ModulerFramework" tests="1" failures="1" timestamp="20 Aug 2018 17:32:34 GMT" time="46.48" errors="0">
  <testcase name="feature" time="45.5" classname="cucumber.api.testng.AbstractTestNGCucumberTests">
    <failure type="cucumber.runtime.CucumberException" message="java.lang.AssertionError: expected [Mercury Travels Ltd.
125, Infantry Road, Bangalore 560 001xxx.] but found [Mercury Travels Ltd.
125, Infantry Road, Bangalore 560 001.]">
      <![CDATA[cucumber.runtime.CucumberException: java.lang.AssertionError: expected [Mercury Travels Ltd.
125, Infantry Road, Bangalore 560 001xxx.] but found [Mercury Travels Ltd.
125, Infantry Road, Bangalore 560 001.]
at cucumber.api.testng.TestNGCucumberRunner.runCucumber(TestNGCucumberRunner.java:69)
at cucumber.api.testng.AbstractTestNGCucumberTests.feature(AbstractTestNGCucumberTests.java:21)
Caused by: java.lang.AssertionError: expected [Mercury Travels Ltd.
125, Infantry Road, Bangalore 560 001xxx.] but found [Mercury Travels Ltd.
125, Infantry Road, Bangalore 560 001.]
at com.mercuryTravels.Steps.stepsTestBranchAddress.verifyTheAddressWithBranch(stepsTestBranchAddress.java:50)
at âœ½.Then Verify the address with branch(testBranchAddress.feature:8)
... Removed 30 stack frames]]>
    </failure>
  </testcase> <!-- feature -->
</testsuite> <!-- ModulerFramework -->
